<?xml version="1.0" encoding="UTF-8"?>
<testsuite name="database.DBConnectionTest" time="0.094" tests="3" errors="2" skipped="0" failures="0">
  <properties>
    <property name="http.agent" value="Sonar Maven/3.2.1"/>
    <property name="ROOT_LOGGER_LEVEL" value="INFO"/>
    <property name="java.runtime.name" value="Java(TM) SE Runtime Environment"/>
    <property name="sun.boot.library.path" value="C:\Program Files\Java\jdk1.8.0\jre\bin"/>
    <property name="java.vm.version" value="25.0-b70"/>
    <property name="java.vm.vendor" value="Oracle Corporation"/>
    <property name="java.vendor.url" value="http://java.oracle.com/"/>
    <property name="path.separator" value=";"/>
    <property name="guice.disable.misplaced.annotation.check" value="true"/>
    <property name="java.vm.name" value="Java HotSpot(TM) 64-Bit Server VM"/>
    <property name="file.encoding.pkg" value="sun.io"/>
    <property name="user.script" value=""/>
    <property name="user.country" value="US"/>
    <property name="sun.java.launcher" value="SUN_STANDARD"/>
    <property name="sun.os.patch.level" value="Service Pack 1"/>
    <property name="java.vm.specification.name" value="Java Virtual Machine Specification"/>
    <property name="user.dir" value="C:\Users\nannaval\Documents\GitHub\CIsys"/>
    <property name="java.runtime.version" value="1.8.0-b132"/>
    <property name="java.awt.graphicsenv" value="sun.awt.Win32GraphicsEnvironment"/>
    <property name="java.endorsed.dirs" value="C:\Program Files\Java\jdk1.8.0\jre\lib\endorsed"/>
    <property name="os.arch" value="amd64"/>
    <property name="java.io.tmpdir" value="C:\Windows\TEMP\"/>
    <property name="line.separator" value="&#10;"/>
    <property name="java.vm.specification.vendor" value="Oracle Corporation"/>
    <property name="user.variant" value=""/>
    <property name="os.name" value="Windows 7"/>
    <property name="net.sourceforge.cobertura.datafile" value="C:\Users\nannaval\Documents\GitHub\CIsys\target\cobertura\cobertura.ser"/>
    <property name="classworlds.conf" value="C:\Program Files\Apache Software Foundation\apache-maven-3.2.1\bin\m2.conf"/>
    <property name="sun.jnu.encoding" value="Cp1252"/>
    <property name="sonar.jdbc.driver" value="com.mysql.jdbc.Driver"/>
    <property name="java.library.path" value="C:\Program Files\Java\jdk1.8.0\bin;C:\Windows\Sun\Java\bin;C:\Windows\system32;C:\Windows;C:\Program Files\Java\jdk1.8.0\bin;C:\Program Files\Common Files\Microsoft Shared\Microsoft Online Services;C:\Program Files (x86)\Common Files\Microsoft Shared\Microsoft Online Services;C:\Windows\SYSTEM32;C:\Windows;C:\Windows\SYSTEM32\WBEM;C:\Windows\SYSTEM32\WINDOWSPOWERSHELL\V1.0\;C:\PROGRAM FILES (X86)\IBM\CLIENT ACCESS\EMULATOR;C:\PROGRAM FILES (X86)\IBM\CLIENT ACCESS\SHARED;C:\PROGRAM FILES (X86)\IBM\CLIENT ACCESS\;C:\Program Files\Symantec\Workspace Virtualization\;C:\Program Files (x86)\MySQL\MySQL Server 5.6\bin;C:\Program Files\Apache Software Foundation\apache-maven-3.2.1\bin;C:\Program Files (x86)\Git\bin;C:\sonar\sonar-runner-2.3\bin;.;C:\Program Files\Apache Software Foundation\apache-ant-1.9.3\bin;."/>
    <property name="java.specification.name" value="Java Platform API Specification"/>
    <property name="java.class.version" value="52.0"/>
    <property name="sun.management.compiler" value="HotSpot 64-Bit Tiered Compilers"/>
    <property name="os.version" value="6.1"/>
    <property name="user.home" value="C:\Windows\system32\config\systemprofile"/>
    <property name="user.timezone" value="Asia/Shanghai"/>
    <property name="java.awt.printerjob" value="sun.awt.windows.WPrinterJob"/>
    <property name="java.specification.version" value="1.8"/>
    <property name="file.encoding" value="Cp1252"/>
    <property name="sonar.jdbc.url" value="jdbc:mysql://localhost:3306/sonar?useUnicode=true&amp;characterEncoding=utf8&amp;rewriteBatchedStatements=true"/>
    <property name="user.name" value="MAN-DB1SR72S$"/>
    <property name="java.class.path" value="C:\Program Files\Apache Software Foundation\apache-maven-3.2.1\boot\plexus-classworlds-2.5.1.jar"/>
    <property name="org.slf4j.simpleLogger.defaultLogLevel" value="info"/>
    <property name="java.vm.specification.version" value="1.8"/>
    <property name="sun.arch.data.model" value="64"/>
    <property name="java.home" value="C:\Program Files\Java\jdk1.8.0\jre"/>
    <property name="sun.java.command" value="org.codehaus.plexus.classworlds.launcher.Launcher -f C:\Users\nannaval\Documents\GitHub\CIsys\pom.xml -e -B sonar:sonar -Dsonar.jdbc.driver=com.mysql.jdbc.Driver -Dsonar.jdbc.url=jdbc:mysql://localhost:3306/sonar?useUnicode=true&amp;characterEncoding=utf8&amp;rewriteBatchedStatements=true"/>
    <property name="java.specification.vendor" value="Oracle Corporation"/>
    <property name="user.language" value="en"/>
    <property name="awt.toolkit" value="sun.awt.windows.WToolkit"/>
    <property name="java.vm.info" value="mixed mode"/>
    <property name="java.version" value="1.8.0"/>
    <property name="java.ext.dirs" value="C:\Program Files\Java\jdk1.8.0\jre\lib\ext;C:\Windows\Sun\Java\lib\ext"/>
    <property name="sun.boot.class.path" value="C:\Program Files\Java\jdk1.8.0\jre\lib\resources.jar;C:\Program Files\Java\jdk1.8.0\jre\lib\rt.jar;C:\Program Files\Java\jdk1.8.0\jre\lib\sunrsasign.jar;C:\Program Files\Java\jdk1.8.0\jre\lib\jsse.jar;C:\Program Files\Java\jdk1.8.0\jre\lib\jce.jar;C:\Program Files\Java\jdk1.8.0\jre\lib\charsets.jar;C:\Program Files\Java\jdk1.8.0\jre\lib\jfr.jar;C:\Program Files\Java\jdk1.8.0\jre\classes"/>
    <property name="java.vendor" value="Oracle Corporation"/>
    <property name="maven.home" value="C:\Program Files\Apache Software Foundation\apache-maven-3.2.1"/>
    <property name="file.separator" value="\"/>
    <property name="java.vendor.url.bug" value="http://bugreport.sun.com/bugreport/"/>
    <property name="sun.cpu.endian" value="little"/>
    <property name="sun.io.unicode.encoding" value="UnicodeLittle"/>
    <property name="project.build.outputDirectory" value="C:\Users\nannaval\Documents\GitHub\CIsys\target\generated-classes\cobertura"/>
    <property name="sun.desktop" value="windows"/>
    <property name="sun.cpu.isalist" value="amd64"/>
  </properties>
  <testcase name="testGetConnection" classname="database.DBConnectionTest" time="0.054"/>
  <testcase name="testGetConnectionWithSQLEx" classname="database.DBConnectionTest" time="0.039">
    <error message="Expecting a stackmap frame at branch target 106&#10;Exception Details:&#10;  Location:&#10;    database/DBConnection.getConnection()Ljava/sql/Connection; @43: invokestatic&#10;  Reason:&#10;    Expected stackmap frame at this location.&#10;  Bytecode:&#10;    0000000: 033b 11ff ff3c b800 1512 17b6 001b 1100&#10;    0000010: 17b6 0021 b200 32b8 0038 57b8 0015 1217&#10;    0000020: b600 1b11 0018 b600 2101 4db8 0015 1217&#10;    0000030: b600 1b11 001a b600 21bb 003a 59b7 003b&#10;    0000040: b200 3db6 0041 b200 43b6 0041 b600 47b2&#10;    0000050: 0049 b200 4bb8 0050 4db8 0015 1217 b600&#10;    0000060: 1b11 0020 b600 21a7 002f b800 1512 17b6&#10;    0000070: 001b 1100 1bb6 0021 4eb8 0015 1217 b600&#10;    0000080: 1b11 001c b600 21bb 0052 59b7 0053 1255&#10;    0000090: 1257 03b8 005d b800 1512 17b6 001b 1100&#10;    00000a0: 21b6 0021 2cb0                         &#10;  Exception Handler Table:&#10;    bci [43, 89] =&gt; handler: 106&#10;" type="java.lang.VerifyError">java.lang.VerifyError: Expecting a stackmap frame at branch target 106
Exception Details:
  Location:
    database/DBConnection.getConnection()Ljava/sql/Connection; @43: invokestatic
  Reason:
    Expected stackmap frame at this location.
  Bytecode:
    0000000: 033b 11ff ff3c b800 1512 17b6 001b 1100
    0000010: 17b6 0021 b200 32b8 0038 57b8 0015 1217
    0000020: b600 1b11 0018 b600 2101 4db8 0015 1217
    0000030: b600 1b11 001a b600 21bb 003a 59b7 003b
    0000040: b200 3db6 0041 b200 43b6 0041 b600 47b2
    0000050: 0049 b200 4bb8 0050 4db8 0015 1217 b600
    0000060: 1b11 0020 b600 21a7 002f b800 1512 17b6
    0000070: 001b 1100 1bb6 0021 4eb8 0015 1217 b600
    0000080: 1b11 001c b600 21bb 0052 59b7 0053 1255
    0000090: 1257 03b8 005d b800 1512 17b6 001b 1100
    00000a0: 21b6 0021 2cb0                         
  Exception Handler Table:
    bci [43, 89] => handler: 106

	at database.DBConnectionTest.testGetConnectionWithSQLEx(DBConnectionTest.java:37)
</error>
  </testcase>
  <testcase name="testCloseConnection" classname="database.DBConnectionTest" time="0.001">
    <error message="Expecting a stackmap frame at branch target 106&#10;Exception Details:&#10;  Location:&#10;    database/DBConnection.getConnection()Ljava/sql/Connection; @43: invokestatic&#10;  Reason:&#10;    Expected stackmap frame at this location.&#10;  Bytecode:&#10;    0000000: 033b 11ff ff3c b800 1512 17b6 001b 1100&#10;    0000010: 17b6 0021 b200 32b8 0038 57b8 0015 1217&#10;    0000020: b600 1b11 0018 b600 2101 4db8 0015 1217&#10;    0000030: b600 1b11 001a b600 21bb 003a 59b7 003b&#10;    0000040: b200 3db6 0041 b200 43b6 0041 b600 47b2&#10;    0000050: 0049 b200 4bb8 0050 4db8 0015 1217 b600&#10;    0000060: 1b11 0020 b600 21a7 002f b800 1512 17b6&#10;    0000070: 001b 1100 1bb6 0021 4eb8 0015 1217 b600&#10;    0000080: 1b11 001c b600 21bb 0052 59b7 0053 1255&#10;    0000090: 1257 03b8 005d b800 1512 17b6 001b 1100&#10;    00000a0: 21b6 0021 2cb0                         &#10;  Exception Handler Table:&#10;    bci [43, 89] =&gt; handler: 106&#10;" type="java.lang.VerifyError">java.lang.VerifyError: Expecting a stackmap frame at branch target 106
Exception Details:
  Location:
    database/DBConnection.getConnection()Ljava/sql/Connection; @43: invokestatic
  Reason:
    Expected stackmap frame at this location.
  Bytecode:
    0000000: 033b 11ff ff3c b800 1512 17b6 001b 1100
    0000010: 17b6 0021 b200 32b8 0038 57b8 0015 1217
    0000020: b600 1b11 0018 b600 2101 4db8 0015 1217
    0000030: b600 1b11 001a b600 21bb 003a 59b7 003b
    0000040: b200 3db6 0041 b200 43b6 0041 b600 47b2
    0000050: 0049 b200 4bb8 0050 4db8 0015 1217 b600
    0000060: 1b11 0020 b600 21a7 002f b800 1512 17b6
    0000070: 001b 1100 1bb6 0021 4eb8 0015 1217 b600
    0000080: 1b11 001c b600 21bb 0052 59b7 0053 1255
    0000090: 1257 03b8 005d b800 1512 17b6 001b 1100
    00000a0: 21b6 0021 2cb0                         
  Exception Handler Table:
    bci [43, 89] => handler: 106

	at database.DBConnectionTest.testCloseConnection(DBConnectionTest.java:46)
</error>
  </testcase>
</testsuite>