<?xml version="1.0" encoding="UTF-8"?>
<testsuite name="database.AccountHandlerTest" time="0.001" tests="3" errors="3" skipped="0" failures="0">
  <properties>
    <property name="http.agent" value="Sonar Maven/3.2.1"/>
    <property name="ROOT_LOGGER_LEVEL" value="INFO"/>
    <property name="java.runtime.name" value="Java(TM) SE Runtime Environment"/>
    <property name="sun.boot.library.path" value="C:\Program Files\Java\jdk1.8.0\jre\bin"/>
    <property name="java.vm.version" value="25.0-b70"/>
    <property name="java.vm.vendor" value="Oracle Corporation"/>
    <property name="java.vendor.url" value="http://java.oracle.com/"/>
    <property name="path.separator" value=";"/>
    <property name="guice.disable.misplaced.annotation.check" value="true"/>
    <property name="java.vm.name" value="Java HotSpot(TM) 64-Bit Server VM"/>
    <property name="file.encoding.pkg" value="sun.io"/>
    <property name="user.script" value=""/>
    <property name="user.country" value="US"/>
    <property name="sun.java.launcher" value="SUN_STANDARD"/>
    <property name="sun.os.patch.level" value="Service Pack 1"/>
    <property name="java.vm.specification.name" value="Java Virtual Machine Specification"/>
    <property name="user.dir" value="C:\Users\nannaval\Documents\GitHub\CIsys"/>
    <property name="java.runtime.version" value="1.8.0-b132"/>
    <property name="java.awt.graphicsenv" value="sun.awt.Win32GraphicsEnvironment"/>
    <property name="java.endorsed.dirs" value="C:\Program Files\Java\jdk1.8.0\jre\lib\endorsed"/>
    <property name="os.arch" value="amd64"/>
    <property name="java.io.tmpdir" value="C:\Windows\TEMP\"/>
    <property name="line.separator" value="&#10;"/>
    <property name="java.vm.specification.vendor" value="Oracle Corporation"/>
    <property name="user.variant" value=""/>
    <property name="os.name" value="Windows 7"/>
    <property name="net.sourceforge.cobertura.datafile" value="C:\Users\nannaval\Documents\GitHub\CIsys\target\cobertura\cobertura.ser"/>
    <property name="classworlds.conf" value="C:\Program Files\Apache Software Foundation\apache-maven-3.2.1\bin\m2.conf"/>
    <property name="sun.jnu.encoding" value="Cp1252"/>
    <property name="sonar.jdbc.driver" value="com.mysql.jdbc.Driver"/>
    <property name="java.library.path" value="C:\Program Files\Java\jdk1.8.0\bin;C:\Windows\Sun\Java\bin;C:\Windows\system32;C:\Windows;C:\Program Files\Java\jdk1.8.0\bin;C:\Program Files\Common Files\Microsoft Shared\Microsoft Online Services;C:\Program Files (x86)\Common Files\Microsoft Shared\Microsoft Online Services;C:\Windows\SYSTEM32;C:\Windows;C:\Windows\SYSTEM32\WBEM;C:\Windows\SYSTEM32\WINDOWSPOWERSHELL\V1.0\;C:\PROGRAM FILES (X86)\IBM\CLIENT ACCESS\EMULATOR;C:\PROGRAM FILES (X86)\IBM\CLIENT ACCESS\SHARED;C:\PROGRAM FILES (X86)\IBM\CLIENT ACCESS\;C:\Program Files\Symantec\Workspace Virtualization\;C:\Program Files (x86)\MySQL\MySQL Server 5.6\bin;C:\Program Files\Apache Software Foundation\apache-maven-3.2.1\bin;C:\Program Files (x86)\Git\bin;C:\sonar\sonar-runner-2.3\bin;.;C:\Program Files\Apache Software Foundation\apache-ant-1.9.3\bin;."/>
    <property name="java.specification.name" value="Java Platform API Specification"/>
    <property name="java.class.version" value="52.0"/>
    <property name="sun.management.compiler" value="HotSpot 64-Bit Tiered Compilers"/>
    <property name="os.version" value="6.1"/>
    <property name="user.home" value="C:\Windows\system32\config\systemprofile"/>
    <property name="user.timezone" value="Asia/Shanghai"/>
    <property name="java.awt.printerjob" value="sun.awt.windows.WPrinterJob"/>
    <property name="java.specification.version" value="1.8"/>
    <property name="file.encoding" value="Cp1252"/>
    <property name="sonar.jdbc.url" value="jdbc:mysql://localhost:3306/sonar?useUnicode=true&amp;characterEncoding=utf8&amp;rewriteBatchedStatements=true"/>
    <property name="user.name" value="MAN-DB1SR72S$"/>
    <property name="java.class.path" value="C:\Program Files\Apache Software Foundation\apache-maven-3.2.1\boot\plexus-classworlds-2.5.1.jar"/>
    <property name="org.slf4j.simpleLogger.defaultLogLevel" value="info"/>
    <property name="java.vm.specification.version" value="1.8"/>
    <property name="sun.arch.data.model" value="64"/>
    <property name="java.home" value="C:\Program Files\Java\jdk1.8.0\jre"/>
    <property name="sun.java.command" value="org.codehaus.plexus.classworlds.launcher.Launcher -f C:\Users\nannaval\Documents\GitHub\CIsys\pom.xml -e -B sonar:sonar -Dsonar.jdbc.driver=com.mysql.jdbc.Driver -Dsonar.jdbc.url=jdbc:mysql://localhost:3306/sonar?useUnicode=true&amp;characterEncoding=utf8&amp;rewriteBatchedStatements=true"/>
    <property name="java.specification.vendor" value="Oracle Corporation"/>
    <property name="user.language" value="en"/>
    <property name="awt.toolkit" value="sun.awt.windows.WToolkit"/>
    <property name="java.vm.info" value="mixed mode"/>
    <property name="java.version" value="1.8.0"/>
    <property name="java.ext.dirs" value="C:\Program Files\Java\jdk1.8.0\jre\lib\ext;C:\Windows\Sun\Java\lib\ext"/>
    <property name="sun.boot.class.path" value="C:\Program Files\Java\jdk1.8.0\jre\lib\resources.jar;C:\Program Files\Java\jdk1.8.0\jre\lib\rt.jar;C:\Program Files\Java\jdk1.8.0\jre\lib\sunrsasign.jar;C:\Program Files\Java\jdk1.8.0\jre\lib\jsse.jar;C:\Program Files\Java\jdk1.8.0\jre\lib\jce.jar;C:\Program Files\Java\jdk1.8.0\jre\lib\charsets.jar;C:\Program Files\Java\jdk1.8.0\jre\lib\jfr.jar;C:\Program Files\Java\jdk1.8.0\jre\classes"/>
    <property name="java.vendor" value="Oracle Corporation"/>
    <property name="maven.home" value="C:\Program Files\Apache Software Foundation\apache-maven-3.2.1"/>
    <property name="file.separator" value="\"/>
    <property name="java.vendor.url.bug" value="http://bugreport.sun.com/bugreport/"/>
    <property name="sun.cpu.endian" value="little"/>
    <property name="sun.io.unicode.encoding" value="UnicodeLittle"/>
    <property name="project.build.outputDirectory" value="C:\Users\nannaval\Documents\GitHub\CIsys\target\generated-classes\cobertura"/>
    <property name="sun.desktop" value="windows"/>
    <property name="sun.cpu.isalist" value="amd64"/>
  </properties>
  <testcase name="testDepositCash" classname="database.AccountHandlerTest" time="0">
    <error message="Expecting a stackmap frame at branch target 575&#10;Exception Details:&#10;  Location:&#10;    database/AccountHandler.depositCash(Ljava/lang/Double;Lmodel/UserModel;Lmodel/AccountType;)I @63: invokestatic&#10;  Reason:&#10;    Expected stackmap frame at this location.&#10;  Bytecode:&#10;    0000000: 0336 0411 ffff 3605 b800 1112 13b6 0017&#10;    0000010: 1100 2eb6 001d 129d 3a06 b800 1112 13b6&#10;    0000020: 0017 1100 2fb6 001d 0eb8 00a3 3a07 b800&#10;    0000030: 1112 13b6 0017 1100 30b6 001d 0336 08b8&#10;    0000040: 0011 1213 b600 1711 0033 b600 1db8 0030&#10;    0000050: 3a09 b800 1112 13b6 0017 1100 35b6 001d&#10;    0000060: b200 a72d b600 ac2e aa00 0000 0000 010f&#10;    0000070: 0000 0001 0000 0003 0000 001c 0000 006d&#10;    0000080: 0000 00be b800 1112 13b6 0017 1100 3511&#10;    0000090: 0000 1100 00b6 00b0 b800 1112 13b6 0017&#10;    00000a0: 1100 37b6 001d 12b2 3a06 b800 1112 13b6&#10;    00000b0: 0017 1100 38b6 001d 2cb6 00b6 b600 bab8&#10;    00000c0: 00a3 3a07 b800 1112 13b6 0017 1100 39b6&#10;    00000d0: 001d a700 a5b8 0011 1213 b600 1711 0035&#10;    00000e0: 1100 0011 0001 b600 b0b8 0011 1213 b600&#10;    00000f0: 1711 003b b600 1d12 bc3a 06b8 0011 1213&#10;    0000100: b600 1711 003c b600 1d2c b600 c0b6 00c1&#10;    0000110: b800 a33a 07b8 0011 1213 b600 1711 003d&#10;    0000120: b600 1da7 0054 b800 1112 13b6 0017 1100&#10;    0000130: 3511 0000 1100 02b6 00b0 b800 1112 13b6&#10;    0000140: 0017 1100 3fb6 001d 12c3 3a06 b800 1112&#10;    0000150: 13b6 0017 1100 40b6 001d 2cb6 00c7 b600&#10;    0000160: c8b8 00a3 3a07 b800 1112 13b6 0017 1100&#10;    0000170: 41b6 001d a700 03b8 0011 1213 b600 1711&#10;    0000180: 0035 1100 0011 ffff b600 b0b8 0011 1213&#10;    0000190: b600 1711 0046 b600 1d19 09bb 0032 59b7&#10;    00001a0: 0033 12ca b600 3919 06b6 0039 12cc b600&#10;    00001b0: 392a 1907 2bb8 0011 1213 b600 1711 0047&#10;    00001c0: b600 1db7 00d0 b600 d312 d5b6 0039 2cb6&#10;    00001d0: 003f b600 42b6 0046 b800 1112 13b6 0017&#10;    00001e0: 1100 46b6 001d b900 4c02 003a 0ab8 0011&#10;    00001f0: 1213 b600 1711 0048 b600 1d19 0ab9 00d8&#10;    0000200: 0100 3608 b800 1112 13b6 0017 1100 4ab6&#10;    0000210: 001d 190a b900 7701 00b8 0011 1213 b600&#10;    0000220: 1711 004b b600 1d19 09b9 0078 0100 b800&#10;    0000230: 1112 13b6 0017 1100 51b6 001d a700 72b8&#10;    0000240: 0011 1213 b600 1711 004d b600 1d3a 09b8&#10;    0000250: 0011 1213 b600 1711 004e b600 1d12 02b6&#10;    0000260: 007d b800 83b2 0089 0119 09b6 008d b800&#10;    0000270: 1112 13b6 0017 1100 51b6 001d a700 32b8&#10;    0000280: 0011 1213 b600 1711 004f b600 1d3a 09b8&#10;    0000290: 0011 1213 b600 1711 0050 b600 1d12 02b6&#10;    00002a0: 007d b800 83b2 0089 0119 09b6 008d b800&#10;    00002b0: 1112 13b6 0017 1100 53b6 001d 1508 ac  &#10;  Exception Handler Table:&#10;    bci [63, 558] =&gt; handler: 575&#10;    bci [63, 558] =&gt; handler: 639&#10;" type="java.lang.VerifyError">java.lang.VerifyError: Expecting a stackmap frame at branch target 575
Exception Details:
  Location:
    database/AccountHandler.depositCash(Ljava/lang/Double;Lmodel/UserModel;Lmodel/AccountType;)I @63: invokestatic
  Reason:
    Expected stackmap frame at this location.
  Bytecode:
    0000000: 0336 0411 ffff 3605 b800 1112 13b6 0017
    0000010: 1100 2eb6 001d 129d 3a06 b800 1112 13b6
    0000020: 0017 1100 2fb6 001d 0eb8 00a3 3a07 b800
    0000030: 1112 13b6 0017 1100 30b6 001d 0336 08b8
    0000040: 0011 1213 b600 1711 0033 b600 1db8 0030
    0000050: 3a09 b800 1112 13b6 0017 1100 35b6 001d
    0000060: b200 a72d b600 ac2e aa00 0000 0000 010f
    0000070: 0000 0001 0000 0003 0000 001c 0000 006d
    0000080: 0000 00be b800 1112 13b6 0017 1100 3511
    0000090: 0000 1100 00b6 00b0 b800 1112 13b6 0017
    00000a0: 1100 37b6 001d 12b2 3a06 b800 1112 13b6
    00000b0: 0017 1100 38b6 001d 2cb6 00b6 b600 bab8
    00000c0: 00a3 3a07 b800 1112 13b6 0017 1100 39b6
    00000d0: 001d a700 a5b8 0011 1213 b600 1711 0035
    00000e0: 1100 0011 0001 b600 b0b8 0011 1213 b600
    00000f0: 1711 003b b600 1d12 bc3a 06b8 0011 1213
    0000100: b600 1711 003c b600 1d2c b600 c0b6 00c1
    0000110: b800 a33a 07b8 0011 1213 b600 1711 003d
    0000120: b600 1da7 0054 b800 1112 13b6 0017 1100
    0000130: 3511 0000 1100 02b6 00b0 b800 1112 13b6
    0000140: 0017 1100 3fb6 001d 12c3 3a06 b800 1112
    0000150: 13b6 0017 1100 40b6 001d 2cb6 00c7 b600
    0000160: c8b8 00a3 3a07 b800 1112 13b6 0017 1100
    0000170: 41b6 001d a700 03b8 0011 1213 b600 1711
    0000180: 0035 1100 0011 ffff b600 b0b8 0011 1213
    0000190: b600 1711 0046 b600 1d19 09bb 0032 59b7
    00001a0: 0033 12ca b600 3919 06b6 0039 12cc b600
    00001b0: 392a 1907 2bb8 0011 1213 b600 1711 0047
    00001c0: b600 1db7 00d0 b600 d312 d5b6 0039 2cb6
    00001d0: 003f b600 42b6 0046 b800 1112 13b6 0017
    00001e0: 1100 46b6 001d b900 4c02 003a 0ab8 0011
    00001f0: 1213 b600 1711 0048 b600 1d19 0ab9 00d8
    0000200: 0100 3608 b800 1112 13b6 0017 1100 4ab6
    0000210: 001d 190a b900 7701 00b8 0011 1213 b600
    0000220: 1711 004b b600 1d19 09b9 0078 0100 b800
    0000230: 1112 13b6 0017 1100 51b6 001d a700 72b8
    0000240: 0011 1213 b600 1711 004d b600 1d3a 09b8
    0000250: 0011 1213 b600 1711 004e b600 1d12 02b6
    0000260: 007d b800 83b2 0089 0119 09b6 008d b800
    0000270: 1112 13b6 0017 1100 51b6 001d a700 32b8
    0000280: 0011 1213 b600 1711 004f b600 1d3a 09b8
    0000290: 0011 1213 b600 1711 0050 b600 1d12 02b6
    00002a0: 007d b800 83b2 0089 0119 09b6 008d b800
    00002b0: 1112 13b6 0017 1100 53b6 001d 1508 ac  
  Exception Handler Table:
    bci [63, 558] => handler: 575
    bci [63, 558] => handler: 639

	at database.AccountHandlerTest.testDepositCash(AccountHandlerTest.java:22)
</error>
  </testcase>
  <testcase name="testWithdrawCash" classname="database.AccountHandlerTest" time="0.001">
    <error message="Expecting a stackmap frame at branch target 575&#10;Exception Details:&#10;  Location:&#10;    database/AccountHandler.depositCash(Ljava/lang/Double;Lmodel/UserModel;Lmodel/AccountType;)I @63: invokestatic&#10;  Reason:&#10;    Expected stackmap frame at this location.&#10;  Bytecode:&#10;    0000000: 0336 0411 ffff 3605 b800 1112 13b6 0017&#10;    0000010: 1100 2eb6 001d 129d 3a06 b800 1112 13b6&#10;    0000020: 0017 1100 2fb6 001d 0eb8 00a3 3a07 b800&#10;    0000030: 1112 13b6 0017 1100 30b6 001d 0336 08b8&#10;    0000040: 0011 1213 b600 1711 0033 b600 1db8 0030&#10;    0000050: 3a09 b800 1112 13b6 0017 1100 35b6 001d&#10;    0000060: b200 a72d b600 ac2e aa00 0000 0000 010f&#10;    0000070: 0000 0001 0000 0003 0000 001c 0000 006d&#10;    0000080: 0000 00be b800 1112 13b6 0017 1100 3511&#10;    0000090: 0000 1100 00b6 00b0 b800 1112 13b6 0017&#10;    00000a0: 1100 37b6 001d 12b2 3a06 b800 1112 13b6&#10;    00000b0: 0017 1100 38b6 001d 2cb6 00b6 b600 bab8&#10;    00000c0: 00a3 3a07 b800 1112 13b6 0017 1100 39b6&#10;    00000d0: 001d a700 a5b8 0011 1213 b600 1711 0035&#10;    00000e0: 1100 0011 0001 b600 b0b8 0011 1213 b600&#10;    00000f0: 1711 003b b600 1d12 bc3a 06b8 0011 1213&#10;    0000100: b600 1711 003c b600 1d2c b600 c0b6 00c1&#10;    0000110: b800 a33a 07b8 0011 1213 b600 1711 003d&#10;    0000120: b600 1da7 0054 b800 1112 13b6 0017 1100&#10;    0000130: 3511 0000 1100 02b6 00b0 b800 1112 13b6&#10;    0000140: 0017 1100 3fb6 001d 12c3 3a06 b800 1112&#10;    0000150: 13b6 0017 1100 40b6 001d 2cb6 00c7 b600&#10;    0000160: c8b8 00a3 3a07 b800 1112 13b6 0017 1100&#10;    0000170: 41b6 001d a700 03b8 0011 1213 b600 1711&#10;    0000180: 0035 1100 0011 ffff b600 b0b8 0011 1213&#10;    0000190: b600 1711 0046 b600 1d19 09bb 0032 59b7&#10;    00001a0: 0033 12ca b600 3919 06b6 0039 12cc b600&#10;    00001b0: 392a 1907 2bb8 0011 1213 b600 1711 0047&#10;    00001c0: b600 1db7 00d0 b600 d312 d5b6 0039 2cb6&#10;    00001d0: 003f b600 42b6 0046 b800 1112 13b6 0017&#10;    00001e0: 1100 46b6 001d b900 4c02 003a 0ab8 0011&#10;    00001f0: 1213 b600 1711 0048 b600 1d19 0ab9 00d8&#10;    0000200: 0100 3608 b800 1112 13b6 0017 1100 4ab6&#10;    0000210: 001d 190a b900 7701 00b8 0011 1213 b600&#10;    0000220: 1711 004b b600 1d19 09b9 0078 0100 b800&#10;    0000230: 1112 13b6 0017 1100 51b6 001d a700 72b8&#10;    0000240: 0011 1213 b600 1711 004d b600 1d3a 09b8&#10;    0000250: 0011 1213 b600 1711 004e b600 1d12 02b6&#10;    0000260: 007d b800 83b2 0089 0119 09b6 008d b800&#10;    0000270: 1112 13b6 0017 1100 51b6 001d a700 32b8&#10;    0000280: 0011 1213 b600 1711 004f b600 1d3a 09b8&#10;    0000290: 0011 1213 b600 1711 0050 b600 1d12 02b6&#10;    00002a0: 007d b800 83b2 0089 0119 09b6 008d b800&#10;    00002b0: 1112 13b6 0017 1100 53b6 001d 1508 ac  &#10;  Exception Handler Table:&#10;    bci [63, 558] =&gt; handler: 575&#10;    bci [63, 558] =&gt; handler: 639&#10;" type="java.lang.VerifyError">java.lang.VerifyError: Expecting a stackmap frame at branch target 575
Exception Details:
  Location:
    database/AccountHandler.depositCash(Ljava/lang/Double;Lmodel/UserModel;Lmodel/AccountType;)I @63: invokestatic
  Reason:
    Expected stackmap frame at this location.
  Bytecode:
    0000000: 0336 0411 ffff 3605 b800 1112 13b6 0017
    0000010: 1100 2eb6 001d 129d 3a06 b800 1112 13b6
    0000020: 0017 1100 2fb6 001d 0eb8 00a3 3a07 b800
    0000030: 1112 13b6 0017 1100 30b6 001d 0336 08b8
    0000040: 0011 1213 b600 1711 0033 b600 1db8 0030
    0000050: 3a09 b800 1112 13b6 0017 1100 35b6 001d
    0000060: b200 a72d b600 ac2e aa00 0000 0000 010f
    0000070: 0000 0001 0000 0003 0000 001c 0000 006d
    0000080: 0000 00be b800 1112 13b6 0017 1100 3511
    0000090: 0000 1100 00b6 00b0 b800 1112 13b6 0017
    00000a0: 1100 37b6 001d 12b2 3a06 b800 1112 13b6
    00000b0: 0017 1100 38b6 001d 2cb6 00b6 b600 bab8
    00000c0: 00a3 3a07 b800 1112 13b6 0017 1100 39b6
    00000d0: 001d a700 a5b8 0011 1213 b600 1711 0035
    00000e0: 1100 0011 0001 b600 b0b8 0011 1213 b600
    00000f0: 1711 003b b600 1d12 bc3a 06b8 0011 1213
    0000100: b600 1711 003c b600 1d2c b600 c0b6 00c1
    0000110: b800 a33a 07b8 0011 1213 b600 1711 003d
    0000120: b600 1da7 0054 b800 1112 13b6 0017 1100
    0000130: 3511 0000 1100 02b6 00b0 b800 1112 13b6
    0000140: 0017 1100 3fb6 001d 12c3 3a06 b800 1112
    0000150: 13b6 0017 1100 40b6 001d 2cb6 00c7 b600
    0000160: c8b8 00a3 3a07 b800 1112 13b6 0017 1100
    0000170: 41b6 001d a700 03b8 0011 1213 b600 1711
    0000180: 0035 1100 0011 ffff b600 b0b8 0011 1213
    0000190: b600 1711 0046 b600 1d19 09bb 0032 59b7
    00001a0: 0033 12ca b600 3919 06b6 0039 12cc b600
    00001b0: 392a 1907 2bb8 0011 1213 b600 1711 0047
    00001c0: b600 1db7 00d0 b600 d312 d5b6 0039 2cb6
    00001d0: 003f b600 42b6 0046 b800 1112 13b6 0017
    00001e0: 1100 46b6 001d b900 4c02 003a 0ab8 0011
    00001f0: 1213 b600 1711 0048 b600 1d19 0ab9 00d8
    0000200: 0100 3608 b800 1112 13b6 0017 1100 4ab6
    0000210: 001d 190a b900 7701 00b8 0011 1213 b600
    0000220: 1711 004b b600 1d19 09b9 0078 0100 b800
    0000230: 1112 13b6 0017 1100 51b6 001d a700 72b8
    0000240: 0011 1213 b600 1711 004d b600 1d3a 09b8
    0000250: 0011 1213 b600 1711 004e b600 1d12 02b6
    0000260: 007d b800 83b2 0089 0119 09b6 008d b800
    0000270: 1112 13b6 0017 1100 51b6 001d a700 32b8
    0000280: 0011 1213 b600 1711 004f b600 1d3a 09b8
    0000290: 0011 1213 b600 1711 0050 b600 1d12 02b6
    00002a0: 007d b800 83b2 0089 0119 09b6 008d b800
    00002b0: 1112 13b6 0017 1100 53b6 001d 1508 ac  
  Exception Handler Table:
    bci [63, 558] => handler: 575
    bci [63, 558] => handler: 639

	at database.AccountHandlerTest.testWithdrawCash(AccountHandlerTest.java:35)
</error>
  </testcase>
  <testcase name="testWithdrawCashWithBiggerAmount" classname="database.AccountHandlerTest" time="0">
    <error message="Unexpected exception, expected&lt;exception.WithdrawalException&gt; but was&lt;java.lang.VerifyError&gt;" type="java.lang.Exception"><![CDATA[java.lang.Exception: Unexpected exception, expected<exception.WithdrawalException> but was<java.lang.VerifyError>
	at database.AccountHandlerTest.testWithdrawCashWithBiggerAmount(AccountHandlerTest.java:53)
]]></error>
  </testcase>
</testsuite>